<?xml version="1.0" encoding="UTF-8"?>
<!-- Generated by org.testng.reporters.JUnitReportReporter -->
<testsuite hostname="DESKTOP-E5IQ7J0" failures="0" tests="1" name="driverFactory.AppTest" time="73.031" errors="0" timestamp="2024-01-25T22:26:08 IST" skipped="0">
  <testcase classname="driverFactory.AppTest" name="kickStart" time="73.031">
    <system-out>
      <![CDATA[Dashboard « Stock Accounting
Stock-000000181   Stock-000000181
Dashboard « Stock Accounting
Dashboard « Stock Accounting]]>
    </system-out>
  </testcase> <!-- kickStart -->
  <system-out>
    <![CDATA[Dashboard « Stock Accounting
Stock-000000181   Stock-000000181
Dashboard « Stock Accounting
Dashboard « Stock Accounting]]>
  </system-out>
</testsuite> <!-- driverFactory.AppTest -->
