<?xml version="1.0" encoding="UTF-8"?>
<!-- Generated by org.testng.reporters.JUnitReportReporter -->
<testsuite hostname="DESKTOP-E5IQ7J0" failures="0" tests="1" name="driverFactory.DriverScript" time="5.692" errors="0" timestamp="2024-01-24T15:26:02 IST" skipped="0">
  <testcase classname="driverFactory.DriverScript" name="startTest" time="5.692"/>
  <system-out/>
</testsuite> <!-- driverFactory.DriverScript -->
