<?xml version="1.0" encoding="UTF-8"?>
<!-- Generated by org.testng.reporters.JUnitReportReporter -->
<testsuite hostname="DESKTOP-E5IQ7J0" failures="0" tests="1" name="driverFactory.AppTest" time="7.142" errors="0" timestamp="2024-01-24T15:39:21 IST" skipped="0">
  <testcase classname="driverFactory.AppTest" name="kickStart" time="7.142"/>
  <system-out/>
</testsuite> <!-- driverFactory.AppTest -->
