<?xml version="1.0" encoding="UTF-8"?>
<!-- Generated by org.testng.reporters.JUnitReportReporter -->
<testsuite hostname="DESKTOP-E5IQ7J0" failures="0" tests="1" name="driverFactory.app" time="13.690" errors="0" timestamp="2024-01-24T16:03:39 IST" skipped="0">
  <testcase classname="driverFactory.app" name="kickStart" time="13.690"/>
  <system-out/>
</testsuite> <!-- driverFactory.app -->
